This is pdfTeX, Version 3.14159265-2.6-1.40.19 (TeX Live 2018/W32TeX) (preloaded format=pdflatex 2019.4.9)  27 APR 2020 00:26
entering extended mode
 restricted \write18 enabled.
 %&-line parsing enabled.
**5kurseng.tex
(./5kurseng.tex
LaTeX2e <2018-12-01>
(c:/texlive/2018/texmf-dist/tex/latex/koma-script/scrartcl.cls
Document Class: scrartcl 2019/02/01 v3.26b KOMA-Script document class (article)

(c:/texlive/2018/texmf-dist/tex/latex/koma-script/scrkbase.sty
Package: scrkbase 2019/02/01 v3.26b KOMA-Script package (KOMA-Script-dependent 
basics and keyval usage)

(c:/texlive/2018/texmf-dist/tex/latex/koma-script/scrbase.sty
Package: scrbase 2019/02/01 v3.26b KOMA-Script package (KOMA-Script-independent
 basics and keyval usage)

(c:/texlive/2018/texmf-dist/tex/latex/graphics/keyval.sty
Package: keyval 2014/10/28 v1.15 key=value parser (DPC)
\KV@toks@=\toks14
)
(c:/texlive/2018/texmf-dist/tex/latex/koma-script/scrlfile.sty
Package: scrlfile 2019/02/01 v3.26b KOMA-Script package (loading files)
)))
(c:/texlive/2018/texmf-dist/tex/latex/koma-script/tocbasic.sty
Package: tocbasic 2019/02/01 v3.26b KOMA-Script package (handling toc-files)
\scr@dte@tocline@numberwidth=\skip41
\scr@dte@tocline@numbox=\box27
)
Package tocbasic Info: omitting babel extension for `toc'
(tocbasic)             because of feature `nobabel' available
(tocbasic)             for `toc' on input line 134.
Package scrartcl Info: You've used standard option `11pt'.
(scrartcl)             This is correct!
(scrartcl)             Internally I'm using `fontsize=11pt'.
(scrartcl)             If you'd like to set the option with \KOMAoptions,
(scrartcl)             you'd have to use `fontsize=11pt' there
(scrartcl)             instead of `11pt', too.

(c:/texlive/2018/texmf-dist/tex/latex/base/fleqn.clo
File: fleqn.clo 2016/12/29 v1.2b Standard LaTeX option (flush left equations)
\mathindent=\dimen102
Applying: [2015/01/01] Make \[ robust on input line 50.
LaTeX Info: Redefining \[ on input line 51.
Already applied: [0000/00/00] Make \[ robust on input line 62.
Applying: [2015/01/01] Make \] robust on input line 74.
LaTeX Info: Redefining \] on input line 75.
Already applied: [0000/00/00] Make \] robust on input line 83.
)
Class scrartcl Info: File `scrsize11pt.clo' used to setup font sizes on input l
ine 2162.

(c:/texlive/2018/texmf-dist/tex/latex/koma-script/scrsize11pt.clo
File: scrsize11pt.clo 2019/02/01 v3.26b KOMA-Script font size class option (11p
t)
)
(c:/texlive/2018/texmf-dist/tex/latex/koma-script/typearea.sty
Package: typearea 2019/02/01 v3.26b KOMA-Script package (type area)
\ta@bcor=\skip42
\ta@div=\count80
Package typearea Info: You've used standard option `a4paper'.
(typearea)             This is correct!
(typearea)             Internally I'm using `paper=a4'.
(typearea)             If you'd like to set the option with \KOMAoptions,
(typearea)             you'd have to use `paper=a4' there
(typearea)             instead of `a4paper', too.
\ta@hblk=\skip43
\ta@vblk=\skip44
\ta@temp=\skip45
\footheight=\skip46
Package typearea Info: These are the values describing the layout:
(typearea)             DIV  = 10
(typearea)             BCOR = 0.0pt
(typearea)             \paperwidth      = 597.50793pt
(typearea)              \textwidth      = 418.25555pt
(typearea)              DIV departure   = -6%
(typearea)              \evensidemargin = 17.3562pt
(typearea)              \oddsidemargin  = 17.3562pt
(typearea)             \paperheight     = 845.04694pt
(typearea)              \textheight     = 595.80026pt
(typearea)              \topmargin      = -25.16531pt
(typearea)              \headheight     = 17.0pt
(typearea)              \headsep        = 20.40001pt
(typearea)              \topskip        = 11.0pt
(typearea)              \footskip       = 47.6pt
(typearea)              \baselineskip   = 13.6pt
(typearea)              on input line 1715.
)
\c@part=\count81
\c@section=\count82
\c@subsection=\count83
\c@subsubsection=\count84
\c@paragraph=\count85
\c@subparagraph=\count86
\scr@dte@section@maxnumwidth=\skip47
Class scrartcl Info: using compatibility default `runin=bysign'
(scrartcl)           for `\section on input line 4489.
Class scrartcl Info: using compatibility default `afterindent=bysign'
(scrartcl)           for `\section on input line 4489.
\scr@dte@part@maxnumwidth=\skip48
Class scrartcl Info: using compatibility default `afterindent=false'
(scrartcl)           for `\part on input line 4497.
\scr@dte@subsection@maxnumwidth=\skip49
Class scrartcl Info: using compatibility default `runin=bysign'
(scrartcl)           for `\subsection on input line 4507.
Class scrartcl Info: using compatibility default `afterindent=bysign'
(scrartcl)           for `\subsection on input line 4507.
\scr@dte@subsubsection@maxnumwidth=\skip50
Class scrartcl Info: using compatibility default `runin=bysign'
(scrartcl)           for `\subsubsection on input line 4517.
Class scrartcl Info: using compatibility default `afterindent=bysign'
(scrartcl)           for `\subsubsection on input line 4517.
\scr@dte@paragraph@maxnumwidth=\skip51
Class scrartcl Info: using compatibility default `runin=bysign'
(scrartcl)           for `\paragraph on input line 4527.
Class scrartcl Info: using compatibility default `afterindent=bysign'
(scrartcl)           for `\paragraph on input line 4527.
\scr@dte@subparagraph@maxnumwidth=\skip52
Class scrartcl Info: using compatibility default `runin=bysign'
(scrartcl)           for `\subparagraph on input line 4537.
Class scrartcl Info: using compatibility default `afterindent=bysign'
(scrartcl)           for `\subparagraph on input line 4537.
\abovecaptionskip=\skip53
\belowcaptionskip=\skip54
\c@pti@nb@sid@b@x=\box28
Package tocbasic Info: omitting babel extension for `lof'
(tocbasic)             because of feature `nobabel' available
(tocbasic)             for `lof' on input line 5781.
\scr@dte@figure@maxnumwidth=\skip55
\c@figure=\count87
Package tocbasic Info: omitting babel extension for `lot'
(tocbasic)             because of feature `nobabel' available
(tocbasic)             for `lot' on input line 5793.
\scr@dte@table@maxnumwidth=\skip56
\c@table=\count88
Class scrartcl Info: Redefining `\numberline' on input line 5957.
\bibindent=\dimen103
)
(c:/texlive/2018/texmf-dist/tex/latex/base/inputenc.sty
Package: inputenc 2018/08/11 v1.3c Input encoding file
\inpenc@prehook=\toks15
\inpenc@posthook=\toks16
)
(c:/texlive/2018/texmf-dist/tex/latex/hyperref/hyperref.sty
Package: hyperref 2018/11/30 v6.88e Hypertext links for LaTeX

(c:/texlive/2018/texmf-dist/tex/generic/oberdiek/hobsub-hyperref.sty
Package: hobsub-hyperref 2016/05/16 v1.14 Bundle oberdiek, subset hyperref (HO)


(c:/texlive/2018/texmf-dist/tex/generic/oberdiek/hobsub-generic.sty
Package: hobsub-generic 2016/05/16 v1.14 Bundle oberdiek, subset generic (HO)
Package: hobsub 2016/05/16 v1.14 Construct package bundles (HO)
Package: infwarerr 2016/05/16 v1.4 Providing info/warning/error messages (HO)
Package: ltxcmds 2016/05/16 v1.23 LaTeX kernel commands for general use (HO)
Package: ifluatex 2016/05/16 v1.4 Provides the ifluatex switch (HO)
Package ifluatex Info: LuaTeX not detected.
Package: ifvtex 2016/05/16 v1.6 Detect VTeX and its facilities (HO)
Package ifvtex Info: VTeX not detected.
Package: intcalc 2016/05/16 v1.2 Expandable calculations with integers (HO)
Package: ifpdf 2018/09/07 v3.3 Provides the ifpdf switch
Package: etexcmds 2016/05/16 v1.6 Avoid name clashes with e-TeX commands (HO)
Package etexcmds Info: Could not find \expanded.
(etexcmds)             That can mean that you are not using pdfTeX 1.50 or
(etexcmds)             that some package has redefined \expanded.
(etexcmds)             In the latter case, load this package earlier.
Package: kvsetkeys 2016/05/16 v1.17 Key value parser (HO)
Package: kvdefinekeys 2016/05/16 v1.4 Define keys (HO)
Package: pdftexcmds 2018/09/10 v0.29 Utility functions of pdfTeX for LuaTeX (HO
)
Package pdftexcmds Info: LuaTeX not detected.
Package pdftexcmds Info: \pdf@primitive is available.
Package pdftexcmds Info: \pdf@ifprimitive is available.
Package pdftexcmds Info: \pdfdraftmode found.
Package: pdfescape 2016/05/16 v1.14 Implements pdfTeX's escape features (HO)
Package: bigintcalc 2016/05/16 v1.4 Expandable calculations on big integers (HO
)
Package: bitset 2016/05/16 v1.2 Handle bit-vector datatype (HO)
Package: uniquecounter 2016/05/16 v1.3 Provide unlimited unique counter (HO)
)
Package hobsub Info: Skipping package `hobsub' (already loaded).
Package: letltxmacro 2016/05/16 v1.5 Let assignment for LaTeX macros (HO)
Package: hopatch 2016/05/16 v1.3 Wrapper for package hooks (HO)
Package: xcolor-patch 2016/05/16 xcolor patch
Package: atveryend 2016/05/16 v1.9 Hooks at the very end of document (HO)
Package atveryend Info: \enddocument detected (standard20110627).
Package: atbegshi 2016/06/09 v1.18 At begin shipout hook (HO)
Package: refcount 2016/05/16 v3.5 Data extraction from label references (HO)
Package: hycolor 2016/05/16 v1.8 Color options for hyperref/bookmark (HO)
)
(c:/texlive/2018/texmf-dist/tex/generic/ifxetex/ifxetex.sty
Package: ifxetex 2010/09/12 v0.6 Provides ifxetex conditional
)
(c:/texlive/2018/texmf-dist/tex/latex/oberdiek/auxhook.sty
Package: auxhook 2016/05/16 v1.4 Hooks for auxiliary files (HO)
)
(c:/texlive/2018/texmf-dist/tex/latex/oberdiek/kvoptions.sty
Package: kvoptions 2016/05/16 v3.12 Key value format for package options (HO)
)
\@linkdim=\dimen104
\Hy@linkcounter=\count89
\Hy@pagecounter=\count90

(c:/texlive/2018/texmf-dist/tex/latex/hyperref/pd1enc.def
File: pd1enc.def 2018/11/30 v6.88e Hyperref: PDFDocEncoding definition (HO)
Now handling font encoding PD1 ...
... no UTF-8 mapping file for font encoding PD1
)
\Hy@SavedSpaceFactor=\count91

(c:/texlive/2018/texmf-dist/tex/latex/latexconfig/hyperref.cfg
File: hyperref.cfg 2002/06/06 v1.2 hyperref configuration of TeXLive
)
Package hyperref Info: Option `unicode' set `true' on input line 4393.

(c:/texlive/2018/texmf-dist/tex/latex/hyperref/puenc.def
File: puenc.def 2018/11/30 v6.88e Hyperref: PDF Unicode definition (HO)
Now handling font encoding PU ...
... no UTF-8 mapping file for font encoding PU
)

Package hyperref Warning: Invalid value `000'
(hyperref)                for option `pdfborder'.
(hyperref)                Option setting is ignored on input line 4393.

Package hyperref Info: Option `colorlinks' set `true' on input line 4393.
Package hyperref Info: Hyper figures OFF on input line 4519.
Package hyperref Info: Link nesting OFF on input line 4524.
Package hyperref Info: Hyper index ON on input line 4527.
Package hyperref Info: Plain pages OFF on input line 4534.
Package hyperref Info: Backreferencing OFF on input line 4539.
Package hyperref Info: Implicit mode ON; LaTeX internals redefined.
Package hyperref Info: Bookmarks ON on input line 4772.
\c@Hy@tempcnt=\count92
(c:/texlive/2018/texmf-dist/tex/latex/url/url.sty
\Urlmuskip=\muskip10
Package: url 2013/09/16  ver 3.4  Verb mode for urls, etc.
)
LaTeX Info: Redefining \url on input line 5125.
\XeTeXLinkMargin=\dimen105
\Fld@menulength=\count93
\Field@Width=\dimen106
\Fld@charsize=\dimen107
Package hyperref Info: Hyper figures OFF on input line 6380.
Package hyperref Info: Link nesting OFF on input line 6385.
Package hyperref Info: Hyper index ON on input line 6388.
Package hyperref Info: backreferencing OFF on input line 6395.
Package hyperref Info: Link coloring ON on input line 6398.
Package hyperref Info: Link coloring with OCG OFF on input line 6405.
Package hyperref Info: PDF/A mode OFF on input line 6410.
LaTeX Info: Redefining \ref on input line 6450.
LaTeX Info: Redefining \pageref on input line 6454.
\Hy@abspage=\count94
\c@Item=\count95
\c@Hfootnote=\count96
)
Package hyperref Info: Driver: hpdftex.

(c:/texlive/2018/texmf-dist/tex/latex/hyperref/hpdftex.def
File: hpdftex.def 2018/11/30 v6.88e Hyperref driver for pdfTeX
\Fld@listcount=\count97
\c@bookmark@seq@number=\count98

(c:/texlive/2018/texmf-dist/tex/latex/oberdiek/rerunfilecheck.sty
Package: rerunfilecheck 2016/05/16 v1.8 Rerun checks for auxiliary files (HO)
Package uniquecounter Info: New unique counter `rerunfilecheck' on input line 2
82.
)
\Hy@SectionHShift=\skip57
)
(c:/texlive/2018/texmf-dist/tex/generic/babel/babel.sty
Package: babel 2018/11/13 3.27 The Babel package

(c:/texlive/2018/texmf-dist/tex/generic/babel/switch.def
File: switch.def 2018/11/13 3.27 Babel switching mechanism
)
(c:/texlive/2018/texmf-dist/tex/generic/babel-english/english.ldf
Language: english 2017/06/06 v3.3r English support from the babel system

(c:/texlive/2018/texmf-dist/tex/generic/babel/babel.def
File: babel.def 2018/11/13 3.27 Babel common definitions
\babel@savecnt=\count99
\U@D=\dimen108

(c:/texlive/2018/texmf-dist/tex/generic/babel/txtbabel.def)
\bbl@dirlevel=\count100
)
\l@canadian = a dialect from \language\l@american 
\l@australian = a dialect from \language\l@british 
\l@newzealand = a dialect from \language\l@british 
)
(c:/texlive/2018/texmf-dist/tex/generic/babel-russian/russianb.ldf
Language: russian 2017/08/12 1.3j Russian support for the Babel system


Package babel Warning: No Cyrillic font encoding has been loaded so far.
(babel)                A font encoding should be declared before babel.
(babel)                Default `T2A' encoding will be loaded  on input line 74.


(c:/texlive/2018/texmf-dist/tex/latex/cyrillic/t2aenc.def
File: t2aenc.def 2005/09/27 v1.0i Cyrillic encoding definition file
Now handling font encoding T2A ...
... processing UTF-8 mapping file for font encoding T2A

(c:/texlive/2018/texmf-dist/tex/latex/base/t2aenc.dfu
File: t2aenc.dfu 2018/10/05 v1.2f UTF-8 support for inputenc
   defining Unicode char U+00A4 (decimal 164)
   defining Unicode char U+00A7 (decimal 167)
   defining Unicode char U+00AB (decimal 171)
   defining Unicode char U+00BB (decimal 187)
   defining Unicode char U+0131 (decimal 305)
   defining Unicode char U+0237 (decimal 567)
   defining Unicode char U+0400 (decimal 1024)
   defining Unicode char U+0401 (decimal 1025)
   defining Unicode char U+0402 (decimal 1026)
   defining Unicode char U+0403 (decimal 1027)
   defining Unicode char U+0404 (decimal 1028)
   defining Unicode char U+0405 (decimal 1029)
   defining Unicode char U+0406 (decimal 1030)
   defining Unicode char U+0407 (decimal 1031)
   defining Unicode char U+0408 (decimal 1032)
   defining Unicode char U+0409 (decimal 1033)
   defining Unicode char U+040A (decimal 1034)
   defining Unicode char U+040B (decimal 1035)
   defining Unicode char U+040C (decimal 1036)
   defining Unicode char U+040D (decimal 1037)
   defining Unicode char U+040E (decimal 1038)
   defining Unicode char U+040F (decimal 1039)
   defining Unicode char U+0410 (decimal 1040)
   defining Unicode char U+0411 (decimal 1041)
   defining Unicode char U+0412 (decimal 1042)
   defining Unicode char U+0413 (decimal 1043)
   defining Unicode char U+0414 (decimal 1044)
   defining Unicode char U+0415 (decimal 1045)
   defining Unicode char U+0416 (decimal 1046)
   defining Unicode char U+0417 (decimal 1047)
   defining Unicode char U+0418 (decimal 1048)
   defining Unicode char U+0419 (decimal 1049)
   defining Unicode char U+041A (decimal 1050)
   defining Unicode char U+041B (decimal 1051)
   defining Unicode char U+041C (decimal 1052)
   defining Unicode char U+041D (decimal 1053)
   defining Unicode char U+041E (decimal 1054)
   defining Unicode char U+041F (decimal 1055)
   defining Unicode char U+0420 (decimal 1056)
   defining Unicode char U+0421 (decimal 1057)
   defining Unicode char U+0422 (decimal 1058)
   defining Unicode char U+0423 (decimal 1059)
   defining Unicode char U+0424 (decimal 1060)
   defining Unicode char U+0425 (decimal 1061)
   defining Unicode char U+0426 (decimal 1062)
   defining Unicode char U+0427 (decimal 1063)
   defining Unicode char U+0428 (decimal 1064)
   defining Unicode char U+0429 (decimal 1065)
   defining Unicode char U+042A (decimal 1066)
   defining Unicode char U+042B (decimal 1067)
   defining Unicode char U+042C (decimal 1068)
   defining Unicode char U+042D (decimal 1069)
   defining Unicode char U+042E (decimal 1070)
   defining Unicode char U+042F (decimal 1071)
   defining Unicode char U+0430 (decimal 1072)
   defining Unicode char U+0431 (decimal 1073)
   defining Unicode char U+0432 (decimal 1074)
   defining Unicode char U+0433 (decimal 1075)
   defining Unicode char U+0434 (decimal 1076)
   defining Unicode char U+0435 (decimal 1077)
   defining Unicode char U+0436 (decimal 1078)
   defining Unicode char U+0437 (decimal 1079)
   defining Unicode char U+0438 (decimal 1080)
   defining Unicode char U+0439 (decimal 1081)
   defining Unicode char U+043A (decimal 1082)
   defining Unicode char U+043B (decimal 1083)
   defining Unicode char U+043C (decimal 1084)
   defining Unicode char U+043D (decimal 1085)
   defining Unicode char U+043E (decimal 1086)
   defining Unicode char U+043F (decimal 1087)
   defining Unicode char U+0440 (decimal 1088)
   defining Unicode char U+0441 (decimal 1089)
   defining Unicode char U+0442 (decimal 1090)
   defining Unicode char U+0443 (decimal 1091)
   defining Unicode char U+0444 (decimal 1092)
   defining Unicode char U+0445 (decimal 1093)
   defining Unicode char U+0446 (decimal 1094)
   defining Unicode char U+0447 (decimal 1095)
   defining Unicode char U+0448 (decimal 1096)
   defining Unicode char U+0449 (decimal 1097)
   defining Unicode char U+044A (decimal 1098)
   defining Unicode char U+044B (decimal 1099)
   defining Unicode char U+044C (decimal 1100)
   defining Unicode char U+044D (decimal 1101)
   defining Unicode char U+044E (decimal 1102)
   defining Unicode char U+044F (decimal 1103)
   defining Unicode char U+0450 (decimal 1104)
   defining Unicode char U+0451 (decimal 1105)
   defining Unicode char U+0452 (decimal 1106)
   defining Unicode char U+0453 (decimal 1107)
   defining Unicode char U+0454 (decimal 1108)
   defining Unicode char U+0455 (decimal 1109)
   defining Unicode char U+0456 (decimal 1110)
   defining Unicode char U+0457 (decimal 1111)
   defining Unicode char U+0458 (decimal 1112)
   defining Unicode char U+0459 (decimal 1113)
   defining Unicode char U+045A (decimal 1114)
   defining Unicode char U+045B (decimal 1115)
   defining Unicode char U+045C (decimal 1116)
   defining Unicode char U+045D (decimal 1117)
   defining Unicode char U+045E (decimal 1118)
   defining Unicode char U+045F (decimal 1119)
   defining Unicode char U+0490 (decimal 1168)
   defining Unicode char U+0491 (decimal 1169)
   defining Unicode char U+0492 (decimal 1170)
   defining Unicode char U+0493 (decimal 1171)
   defining Unicode char U+0496 (decimal 1174)
   defining Unicode char U+0497 (decimal 1175)
   defining Unicode char U+0498 (decimal 1176)
   defining Unicode char U+0499 (decimal 1177)
   defining Unicode char U+049A (decimal 1178)
   defining Unicode char U+049B (decimal 1179)
   defining Unicode char U+049C (decimal 1180)
   defining Unicode char U+049D (decimal 1181)
   defining Unicode char U+04A0 (decimal 1184)
   defining Unicode char U+04A1 (decimal 1185)
   defining Unicode char U+04A2 (decimal 1186)
   defining Unicode char U+04A3 (decimal 1187)
   defining Unicode char U+04A4 (decimal 1188)
   defining Unicode char U+04A5 (decimal 1189)
   defining Unicode char U+04AA (decimal 1194)
   defining Unicode char U+04AB (decimal 1195)
   defining Unicode char U+04AE (decimal 1198)
   defining Unicode char U+04AF (decimal 1199)
   defining Unicode char U+04B0 (decimal 1200)
   defining Unicode char U+04B1 (decimal 1201)
   defining Unicode char U+04B2 (decimal 1202)
   defining Unicode char U+04B3 (decimal 1203)
   defining Unicode char U+04B6 (decimal 1206)
   defining Unicode char U+04B7 (decimal 1207)
   defining Unicode char U+04B8 (decimal 1208)
   defining Unicode char U+04B9 (decimal 1209)
   defining Unicode char U+04BA (decimal 1210)
   defining Unicode char U+04BB (decimal 1211)
   defining Unicode char U+04C0 (decimal 1216)
   defining Unicode char U+04C1 (decimal 1217)
   defining Unicode char U+04C2 (decimal 1218)
   defining Unicode char U+04D0 (decimal 1232)
   defining Unicode char U+04D1 (decimal 1233)
   defining Unicode char U+04D2 (decimal 1234)
   defining Unicode char U+04D3 (decimal 1235)
   defining Unicode char U+04D4 (decimal 1236)
   defining Unicode char U+04D5 (decimal 1237)
   defining Unicode char U+04D6 (decimal 1238)
   defining Unicode char U+04D7 (decimal 1239)
   defining Unicode char U+04D8 (decimal 1240)
   defining Unicode char U+04D9 (decimal 1241)
   defining Unicode char U+04DA (decimal 1242)
   defining Unicode char U+04DB (decimal 1243)
   defining Unicode char U+04DC (decimal 1244)
   defining Unicode char U+04DD (decimal 1245)
   defining Unicode char U+04DE (decimal 1246)
   defining Unicode char U+04DF (decimal 1247)
   defining Unicode char U+04E2 (decimal 1250)
   defining Unicode char U+04E3 (decimal 1251)
   defining Unicode char U+04E4 (decimal 1252)
   defining Unicode char U+04E5 (decimal 1253)
   defining Unicode char U+04E6 (decimal 1254)
   defining Unicode char U+04E7 (decimal 1255)
   defining Unicode char U+04E8 (decimal 1256)
   defining Unicode char U+04E9 (decimal 1257)
   defining Unicode char U+04EC (decimal 1260)
   defining Unicode char U+04ED (decimal 1261)
   defining Unicode char U+04EE (decimal 1262)
   defining Unicode char U+04EF (decimal 1263)
   defining Unicode char U+04F0 (decimal 1264)
   defining Unicode char U+04F1 (decimal 1265)
   defining Unicode char U+04F2 (decimal 1266)
   defining Unicode char U+04F3 (decimal 1267)
   defining Unicode char U+04F4 (decimal 1268)
   defining Unicode char U+04F5 (decimal 1269)
   defining Unicode char U+04F8 (decimal 1272)
   defining Unicode char U+04F9 (decimal 1273)
   defining Unicode char U+200C (decimal 8204)
   defining Unicode char U+2013 (decimal 8211)
   defining Unicode char U+2014 (decimal 8212)
   defining Unicode char U+2018 (decimal 8216)
   defining Unicode char U+2019 (decimal 8217)
   defining Unicode char U+201C (decimal 8220)
   defining Unicode char U+201D (decimal 8221)
   defining Unicode char U+201E (decimal 8222)
   defining Unicode char U+2030 (decimal 8240)
   defining Unicode char U+2031 (decimal 8241)
   defining Unicode char U+2116 (decimal 8470)
   defining Unicode char U+2329 (decimal 9001)
   defining Unicode char U+232A (decimal 9002)
   defining Unicode char U+2423 (decimal 9251)
))
Package babel Info: Making " an active character on input line 120.
Package babel Info: Default for \cyrdash is provided on input line 157.
))
(c:/texlive/2018/texmf-dist/tex/latex/tools/indentfirst.sty
Package: indentfirst 1995/11/23 v1.03 Indent first paragraph (DPC)
)
(c:/texlive/2018/texmf-dist/tex/latex/booktabs/booktabs.sty
Package: booktabs 2016/04/27 v1.618033 publication quality tables
\heavyrulewidth=\dimen109
\lightrulewidth=\dimen110
\cmidrulewidth=\dimen111
\belowrulesep=\dimen112
\belowbottomsep=\dimen113
\aboverulesep=\dimen114
\abovetopsep=\dimen115
\cmidrulesep=\dimen116
\cmidrulekern=\dimen117
\defaultaddspace=\dimen118
\@cmidla=\count101
\@cmidlb=\count102
\@aboverulesep=\dimen119
\@belowrulesep=\dimen120
\@thisruleclass=\count103
\@lastruleclass=\count104
\@thisrulewidth=\dimen121
)
(c:/texlive/2018/texmf-dist/tex/latex/t2/misccorr.sty
Package: misccorr 1999/09/23 v0.1 misc corrections for russian typesetting

(c:/texlive/2018/texmf-dist/tex/latex/amsfonts/amssymb.sty
Package: amssymb 2013/01/14 v3.01 AMS font symbols

(c:/texlive/2018/texmf-dist/tex/latex/amsfonts/amsfonts.sty
Package: amsfonts 2013/01/14 v3.01 Basic AMSFonts support
\@emptytoks=\toks17
\symAMSa=\mathgroup4
\symAMSb=\mathgroup5
LaTeX Font Info:    Overwriting math alphabet `\mathfrak' in version `bold'
(Font)                  U/euf/m/n --> U/euf/b/n on input line 106.
))
(c:/texlive/2018/texmf-dist/tex/latex/tools/enumerate.sty
Package: enumerate 2015/07/23 v3.00 enumerate extensions (DPC)
\@enLab=\toks18
)
\c@rlistctr=\count105
)
(c:/texlive/2018/texmf-dist/tex/latex/graphics/graphicx.sty
Package: graphicx 2017/06/01 v1.1a Enhanced LaTeX Graphics (DPC,SPQR)

(c:/texlive/2018/texmf-dist/tex/latex/graphics/graphics.sty
Package: graphics 2017/06/25 v1.2c Standard LaTeX Graphics (DPC,SPQR)

(c:/texlive/2018/texmf-dist/tex/latex/graphics/trig.sty
Package: trig 2016/01/03 v1.10 sin cos tan (DPC)
)
(c:/texlive/2018/texmf-dist/tex/latex/graphics-cfg/graphics.cfg
File: graphics.cfg 2016/06/04 v1.11 sample graphics configuration
)
Package graphics Info: Driver file: pdftex.def on input line 99.

(c:/texlive/2018/texmf-dist/tex/latex/graphics-def/pdftex.def
File: pdftex.def 2018/01/08 v1.0l Graphics/color driver for pdftex
))
\Gin@req@height=\dimen122
\Gin@req@width=\dimen123
)
(c:/texlive/2018/texmf-dist/tex/latex/multirow/multirow.sty
Package: multirow 2019/01/01 v2.4 Span multiple rows of a table
\multirow@colwidth=\skip58
\multirow@cntb=\count106
\multirow@dima=\skip59
\bigstrutjot=\dimen124
)
(c:/texlive/2018/texmf-dist/tex/latex/pgf/frontendlayer/tikz.sty
(c:/texlive/2018/texmf-dist/tex/latex/pgf/basiclayer/pgf.sty
(c:/texlive/2018/texmf-dist/tex/latex/pgf/utilities/pgfrcs.sty
(c:/texlive/2018/texmf-dist/tex/generic/pgf/utilities/pgfutil-common.tex
\pgfutil@everybye=\toks19
\pgfutil@tempdima=\dimen125
\pgfutil@tempdimb=\dimen126

(c:/texlive/2018/texmf-dist/tex/generic/pgf/utilities/pgfutil-common-lists.tex)
) (c:/texlive/2018/texmf-dist/tex/generic/pgf/utilities/pgfutil-latex.def
\pgfutil@abb=\box29

(c:/texlive/2018/texmf-dist/tex/latex/ms/everyshi.sty
Package: everyshi 2001/05/15 v3.00 EveryShipout Package (MS)
))
(c:/texlive/2018/texmf-dist/tex/generic/pgf/utilities/pgfrcs.code.tex
(c:/texlive/2018/texmf-dist/tex/generic/pgf/pgf.revision.tex)
Package: pgfrcs 2019/02/02 v3.1.1 (3.1.1)
))
Package: pgf 2019/02/02 v3.1.1 (3.1.1)

(c:/texlive/2018/texmf-dist/tex/latex/pgf/basiclayer/pgfcore.sty
(c:/texlive/2018/texmf-dist/tex/latex/pgf/systemlayer/pgfsys.sty
(c:/texlive/2018/texmf-dist/tex/generic/pgf/systemlayer/pgfsys.code.tex
Package: pgfsys 2019/02/02 v3.1.1 (3.1.1)

(c:/texlive/2018/texmf-dist/tex/generic/pgf/utilities/pgfkeys.code.tex
\pgfkeys@pathtoks=\toks20
\pgfkeys@temptoks=\toks21

(c:/texlive/2018/texmf-dist/tex/generic/pgf/utilities/pgfkeysfiltered.code.tex
\pgfkeys@tmptoks=\toks22
))
\pgf@x=\dimen127
\pgf@y=\dimen128
\pgf@xa=\dimen129
\pgf@ya=\dimen130
\pgf@xb=\dimen131
\pgf@yb=\dimen132
\pgf@xc=\dimen133
\pgf@yc=\dimen134
\w@pgf@writea=\write3
\r@pgf@reada=\read1
\c@pgf@counta=\count107
\c@pgf@countb=\count108
\c@pgf@countc=\count109
\c@pgf@countd=\count110
\t@pgf@toka=\toks23
\t@pgf@tokb=\toks24
\t@pgf@tokc=\toks25
\pgf@sys@id@count=\count111
 (c:/texlive/2018/texmf-dist/tex/generic/pgf/systemlayer/pgf.cfg
File: pgf.cfg 2019/02/02 v3.1.1 (3.1.1)
)
Driver file for pgf: pgfsys-pdftex.def

(c:/texlive/2018/texmf-dist/tex/generic/pgf/systemlayer/pgfsys-pdftex.def
File: pgfsys-pdftex.def 2019/02/02 v3.1.1 (3.1.1)

(c:/texlive/2018/texmf-dist/tex/generic/pgf/systemlayer/pgfsys-common-pdf.def
File: pgfsys-common-pdf.def 2019/02/02 v3.1.1 (3.1.1)
)))
(c:/texlive/2018/texmf-dist/tex/generic/pgf/systemlayer/pgfsyssoftpath.code.tex
File: pgfsyssoftpath.code.tex 2019/02/02 v3.1.1 (3.1.1)
\pgfsyssoftpath@smallbuffer@items=\count112
\pgfsyssoftpath@bigbuffer@items=\count113
)
(c:/texlive/2018/texmf-dist/tex/generic/pgf/systemlayer/pgfsysprotocol.code.tex
File: pgfsysprotocol.code.tex 2019/02/02 v3.1.1 (3.1.1)
)) (c:/texlive/2018/texmf-dist/tex/latex/xcolor/xcolor.sty
Package: xcolor 2016/05/11 v2.12 LaTeX color extensions (UK)

(c:/texlive/2018/texmf-dist/tex/latex/graphics-cfg/color.cfg
File: color.cfg 2016/01/02 v1.6 sample color configuration
)
Package xcolor Info: Driver file: pdftex.def on input line 225.
Package xcolor Info: Model `cmy' substituted by `cmy0' on input line 1348.
Package xcolor Info: Model `hsb' substituted by `rgb' on input line 1352.
Package xcolor Info: Model `RGB' extended on input line 1364.
Package xcolor Info: Model `HTML' substituted by `rgb' on input line 1366.
Package xcolor Info: Model `Hsb' substituted by `hsb' on input line 1367.
Package xcolor Info: Model `tHsb' substituted by `hsb' on input line 1368.
Package xcolor Info: Model `HSB' substituted by `hsb' on input line 1369.
Package xcolor Info: Model `Gray' substituted by `gray' on input line 1370.
Package xcolor Info: Model `wave' substituted by `hsb' on input line 1371.
)
(c:/texlive/2018/texmf-dist/tex/generic/pgf/basiclayer/pgfcore.code.tex
Package: pgfcore 2019/02/02 v3.1.1 (3.1.1)

(c:/texlive/2018/texmf-dist/tex/generic/pgf/math/pgfmath.code.tex
(c:/texlive/2018/texmf-dist/tex/generic/pgf/math/pgfmathcalc.code.tex
(c:/texlive/2018/texmf-dist/tex/generic/pgf/math/pgfmathutil.code.tex)
(c:/texlive/2018/texmf-dist/tex/generic/pgf/math/pgfmathparser.code.tex
\pgfmath@dimen=\dimen135
\pgfmath@count=\count114
\pgfmath@box=\box30
\pgfmath@toks=\toks26
\pgfmath@stack@operand=\toks27
\pgfmath@stack@operation=\toks28
)
(c:/texlive/2018/texmf-dist/tex/generic/pgf/math/pgfmathfunctions.code.tex
(c:/texlive/2018/texmf-dist/tex/generic/pgf/math/pgfmathfunctions.basic.code.te
x)
(c:/texlive/2018/texmf-dist/tex/generic/pgf/math/pgfmathfunctions.trigonometric
.code.tex)
(c:/texlive/2018/texmf-dist/tex/generic/pgf/math/pgfmathfunctions.random.code.t
ex)
(c:/texlive/2018/texmf-dist/tex/generic/pgf/math/pgfmathfunctions.comparison.co
de.tex)
(c:/texlive/2018/texmf-dist/tex/generic/pgf/math/pgfmathfunctions.base.code.tex
)
(c:/texlive/2018/texmf-dist/tex/generic/pgf/math/pgfmathfunctions.round.code.te
x)
(c:/texlive/2018/texmf-dist/tex/generic/pgf/math/pgfmathfunctions.misc.code.tex
)
(c:/texlive/2018/texmf-dist/tex/generic/pgf/math/pgfmathfunctions.integerarithm
etics.code.tex)))
(c:/texlive/2018/texmf-dist/tex/generic/pgf/math/pgfmathfloat.code.tex
\c@pgfmathroundto@lastzeros=\count115
))
(c:/texlive/2018/texmf-dist/tex/generic/pgf/basiclayer/pgfcorepoints.code.tex
File: pgfcorepoints.code.tex 2019/02/02 v3.1.1 (3.1.1)
\pgf@picminx=\dimen136
\pgf@picmaxx=\dimen137
\pgf@picminy=\dimen138
\pgf@picmaxy=\dimen139
\pgf@pathminx=\dimen140
\pgf@pathmaxx=\dimen141
\pgf@pathminy=\dimen142
\pgf@pathmaxy=\dimen143
\pgf@xx=\dimen144
\pgf@xy=\dimen145
\pgf@yx=\dimen146
\pgf@yy=\dimen147
\pgf@zx=\dimen148
\pgf@zy=\dimen149
)
(c:/texlive/2018/texmf-dist/tex/generic/pgf/basiclayer/pgfcorepathconstruct.cod
e.tex
File: pgfcorepathconstruct.code.tex 2019/02/02 v3.1.1 (3.1.1)
\pgf@path@lastx=\dimen150
\pgf@path@lasty=\dimen151
)
(c:/texlive/2018/texmf-dist/tex/generic/pgf/basiclayer/pgfcorepathusage.code.te
x
File: pgfcorepathusage.code.tex 2019/02/02 v3.1.1 (3.1.1)
\pgf@shorten@end@additional=\dimen152
\pgf@shorten@start@additional=\dimen153
)
(c:/texlive/2018/texmf-dist/tex/generic/pgf/basiclayer/pgfcorescopes.code.tex
File: pgfcorescopes.code.tex 2019/02/02 v3.1.1 (3.1.1)
\pgfpic=\box31
\pgf@hbox=\box32
\pgf@layerbox@main=\box33
\pgf@picture@serial@count=\count116
)
(c:/texlive/2018/texmf-dist/tex/generic/pgf/basiclayer/pgfcoregraphicstate.code
.tex
File: pgfcoregraphicstate.code.tex 2019/02/02 v3.1.1 (3.1.1)
\pgflinewidth=\dimen154
)
(c:/texlive/2018/texmf-dist/tex/generic/pgf/basiclayer/pgfcoretransformations.c
ode.tex
File: pgfcoretransformations.code.tex 2019/02/02 v3.1.1 (3.1.1)
\pgf@pt@x=\dimen155
\pgf@pt@y=\dimen156
\pgf@pt@temp=\dimen157
)
(c:/texlive/2018/texmf-dist/tex/generic/pgf/basiclayer/pgfcorequick.code.tex
File: pgfcorequick.code.tex 2019/02/02 v3.1.1 (3.1.1)
)
(c:/texlive/2018/texmf-dist/tex/generic/pgf/basiclayer/pgfcoreobjects.code.tex
File: pgfcoreobjects.code.tex 2019/02/02 v3.1.1 (3.1.1)
)
(c:/texlive/2018/texmf-dist/tex/generic/pgf/basiclayer/pgfcorepathprocessing.co
de.tex
File: pgfcorepathprocessing.code.tex 2019/02/02 v3.1.1 (3.1.1)
)
(c:/texlive/2018/texmf-dist/tex/generic/pgf/basiclayer/pgfcorearrows.code.tex
File: pgfcorearrows.code.tex 2019/02/02 v3.1.1 (3.1.1)
\pgfarrowsep=\dimen158
)
(c:/texlive/2018/texmf-dist/tex/generic/pgf/basiclayer/pgfcoreshade.code.tex
File: pgfcoreshade.code.tex 2019/02/02 v3.1.1 (3.1.1)
\pgf@max=\dimen159
\pgf@sys@shading@range@num=\count117
)
(c:/texlive/2018/texmf-dist/tex/generic/pgf/basiclayer/pgfcoreimage.code.tex
File: pgfcoreimage.code.tex 2019/02/02 v3.1.1 (3.1.1)

(c:/texlive/2018/texmf-dist/tex/generic/pgf/basiclayer/pgfcoreexternal.code.tex
File: pgfcoreexternal.code.tex 2019/02/02 v3.1.1 (3.1.1)
\pgfexternal@startupbox=\box34
))
(c:/texlive/2018/texmf-dist/tex/generic/pgf/basiclayer/pgfcorelayers.code.tex
File: pgfcorelayers.code.tex 2019/02/02 v3.1.1 (3.1.1)
)
(c:/texlive/2018/texmf-dist/tex/generic/pgf/basiclayer/pgfcoretransparency.code
.tex
File: pgfcoretransparency.code.tex 2019/02/02 v3.1.1 (3.1.1)
)
(c:/texlive/2018/texmf-dist/tex/generic/pgf/basiclayer/pgfcorepatterns.code.tex
File: pgfcorepatterns.code.tex 2019/02/02 v3.1.1 (3.1.1)
) (c:/texlive/2018/texmf-dist/tex/generic/pgf/basiclayer/pgfcorerdf.code.tex
File: pgfcorerdf.code.tex 2019/02/02 v3.1.1 (3.1.1)
))) (c:/texlive/2018/texmf-dist/tex/generic/pgf/modules/pgfmoduleshapes.code.te
x
File: pgfmoduleshapes.code.tex 2019/02/02 v3.1.1 (3.1.1)
\pgfnodeparttextbox=\box35
)
(c:/texlive/2018/texmf-dist/tex/generic/pgf/modules/pgfmoduleplot.code.tex
File: pgfmoduleplot.code.tex 2019/02/02 v3.1.1 (3.1.1)
)
(c:/texlive/2018/texmf-dist/tex/latex/pgf/compatibility/pgfcomp-version-0-65.st
y
Package: pgfcomp-version-0-65 2019/02/02 v3.1.1 (3.1.1)
\pgf@nodesepstart=\dimen160
\pgf@nodesepend=\dimen161
)
(c:/texlive/2018/texmf-dist/tex/latex/pgf/compatibility/pgfcomp-version-1-18.st
y
Package: pgfcomp-version-1-18 2019/02/02 v3.1.1 (3.1.1)
)) (c:/texlive/2018/texmf-dist/tex/latex/pgf/utilities/pgffor.sty
(c:/texlive/2018/texmf-dist/tex/latex/pgf/utilities/pgfkeys.sty
(c:/texlive/2018/texmf-dist/tex/generic/pgf/utilities/pgfkeys.code.tex))
(c:/texlive/2018/texmf-dist/tex/latex/pgf/math/pgfmath.sty
(c:/texlive/2018/texmf-dist/tex/generic/pgf/math/pgfmath.code.tex))
(c:/texlive/2018/texmf-dist/tex/generic/pgf/utilities/pgffor.code.tex
Package: pgffor 2019/02/02 v3.1.1 (3.1.1)

(c:/texlive/2018/texmf-dist/tex/generic/pgf/math/pgfmath.code.tex)
\pgffor@iter=\dimen162
\pgffor@skip=\dimen163
\pgffor@stack=\toks29
\pgffor@toks=\toks30
))
(c:/texlive/2018/texmf-dist/tex/generic/pgf/frontendlayer/tikz/tikz.code.tex
Package: tikz 2019/02/02 v3.1.1 (3.1.1)

(c:/texlive/2018/texmf-dist/tex/generic/pgf/libraries/pgflibraryplothandlers.co
de.tex
File: pgflibraryplothandlers.code.tex 2019/02/02 v3.1.1 (3.1.1)
\pgf@plot@mark@count=\count118
\pgfplotmarksize=\dimen164
)
\tikz@lastx=\dimen165
\tikz@lasty=\dimen166
\tikz@lastxsaved=\dimen167
\tikz@lastysaved=\dimen168
\tikzleveldistance=\dimen169
\tikzsiblingdistance=\dimen170
\tikz@figbox=\box36
\tikz@figbox@bg=\box37
\tikz@tempbox=\box38
\tikz@tempbox@bg=\box39
\tikztreelevel=\count119
\tikznumberofchildren=\count120
\tikznumberofcurrentchild=\count121
\tikz@fig@count=\count122

(c:/texlive/2018/texmf-dist/tex/generic/pgf/modules/pgfmodulematrix.code.tex
File: pgfmodulematrix.code.tex 2019/02/02 v3.1.1 (3.1.1)
\pgfmatrixcurrentrow=\count123
\pgfmatrixcurrentcolumn=\count124
\pgf@matrix@numberofcolumns=\count125
)
\tikz@expandcount=\count126

(c:/texlive/2018/texmf-dist/tex/generic/pgf/frontendlayer/tikz/libraries/tikzli
brarytopaths.code.tex
File: tikzlibrarytopaths.code.tex 2019/02/02 v3.1.1 (3.1.1)
)))
(c:/texlive/2018/texmf-dist/tex/latex/amsmath/amsmath.sty
Package: amsmath 2018/12/01 v2.17b AMS math features
\@mathmargin=\skip60

For additional information on amsmath, use the `?' option.
(c:/texlive/2018/texmf-dist/tex/latex/amsmath/amstext.sty
Package: amstext 2000/06/29 v2.01 AMS text

(c:/texlive/2018/texmf-dist/tex/latex/amsmath/amsgen.sty
File: amsgen.sty 1999/11/30 v2.0 generic functions
\@emptytoks=\toks31
\ex@=\dimen171
))
(c:/texlive/2018/texmf-dist/tex/latex/amsmath/amsbsy.sty
Package: amsbsy 1999/11/29 v1.2d Bold Symbols
\pmbraise@=\dimen172
)
(c:/texlive/2018/texmf-dist/tex/latex/amsmath/amsopn.sty
Package: amsopn 2016/03/08 v2.02 operator names
)
\inf@bad=\count127
LaTeX Info: Redefining \frac on input line 223.
\uproot@=\count128
\leftroot@=\count129
LaTeX Info: Redefining \overline on input line 385.
\classnum@=\count130
\DOTSCASE@=\count131
LaTeX Info: Redefining \ldots on input line 482.
LaTeX Info: Redefining \dots on input line 485.
LaTeX Info: Redefining \cdots on input line 606.
\Mathstrutbox@=\box40
\strutbox@=\box41
\big@size=\dimen173
LaTeX Font Info:    Redeclaring font encoding OML on input line 729.
LaTeX Font Info:    Redeclaring font encoding OMS on input line 730.
\macc@depth=\count132
\c@MaxMatrixCols=\count133
\dotsspace@=\muskip11
\c@parentequation=\count134
\dspbrk@lvl=\count135
\tag@help=\toks32
\row@=\count136
\column@=\count137
\maxfields@=\count138
\andhelp@=\toks33
\eqnshift@=\dimen174
\alignsep@=\dimen175
\tagshift@=\dimen176
\tagwidth@=\dimen177
\totwidth@=\dimen178
\lineht@=\dimen179
\@envbody=\toks34
\multlinegap=\skip61
\multlinetaggap=\skip62
\mathdisplay@stack=\toks35
LaTeX Info: Redefining \[ on input line 2844.
LaTeX Info: Redefining \] on input line 2845.
)
(c:/texlive/2018/texmf-dist/tex/latex/wrapfig/wrapfig.sty
\wrapoverhang=\dimen180
\WF@size=\dimen181
\c@WF@wrappedlines=\count139
\WF@box=\box42
\WF@everypar=\toks36
Package: wrapfig 2003/01/31  v 3.6
)
(c:/texlive/2018/texmf-dist/tex/latex/tools/longtable.sty
Package: longtable 2014/10/28 v4.11 Multi-page Table package (DPC)+ FMi change
\LTleft=\skip63
\LTright=\skip64
\LTpre=\skip65
\LTpost=\skip66
\LTchunksize=\count140
\LTcapwidth=\dimen182
\LT@head=\box43
\LT@firsthead=\box44
\LT@foot=\box45
\LT@lastfoot=\box46
\LT@cols=\count141
\LT@rows=\count142
\c@LT@tables=\count143
\c@LT@chunks=\count144
\LT@p@ftn=\toks37
)
Class scrartcl Info: longtable captions redefined on input line 16.

(c:/texlive/2018/texmf-dist/tex/latex/algorithm2e/algorithm2e.sty
Package: algorithm2e 2017/07/18 v5.2 algorithms environments
\c@AlgoLine=\count145

(c:/texlive/2018/texmf-dist/tex/latex/base/ifthen.sty
Package: ifthen 2014/09/29 v1.1c Standard LaTeX ifthen package (DPC)
)
\algocf@hangindent=\skip67

(c:/texlive/2018/texmf-dist/tex/latex/ifoddpage/ifoddpage.sty
Package: ifoddpage 2016/04/23 v1.1 Conditionals for odd/even page detection
\c@checkoddpage=\count146
)
(c:/texlive/2018/texmf-dist/tex/latex/tools/xspace.sty
Package: xspace 2014/10/28 v1.13 Space after command names (DPC,MH)
)
(c:/texlive/2018/texmf-dist/tex/latex/relsize/relsize.sty
Package: relsize 2013/03/29 ver 4.1
)
\skiptotal=\skip68
\skiplinenumber=\skip69
\skiprule=\skip70
\skiphlne=\skip71
\skiptext=\skip72
\skiplength=\skip73
\algomargin=\skip74
\skipalgocfslide=\skip75
\algowidth=\dimen183
\inoutsize=\dimen184
\inoutindent=\dimen185
\interspacetitleruled=\dimen186
\interspacealgoruled=\dimen187
\interspacetitleboxruled=\dimen188
\algocf@ruledwidth=\skip76
\algocf@inoutbox=\box47
\algocf@inputbox=\box48
\AlCapSkip=\skip77
\AlCapHSkip=\skip78
\algoskipindent=\skip79
\algocf@nlbox=\box49
\algocf@hangingbox=\box50
\algocf@untilbox=\box51
\algocf@skipuntil=\skip80
\algocf@capbox=\box52
\algocf@lcaptionbox=\skip81
\algoheightruledefault=\skip82
\algoheightrule=\skip83
\algotitleheightruledefault=\skip84
\algotitleheightrule=\skip85
\c@algocfline=\count147
\c@algocfproc=\count148
\c@algocf=\count149
\algocf@algoframe=\box53
\algocf@algobox=\box54
) (./5kurseng.aux
LaTeX Font Info:    Try loading font information for T2A+cmr on input line 23.

(c:/texlive/2018/texmf-dist/tex/latex/cyrillic/t2acmr.fd
File: t2acmr.fd 2001/08/11 v1.0a Computer Modern Cyrillic font definitions
))
\openout1 = `5kurseng.aux'.

LaTeX Font Info:    Checking defaults for OML/cmm/m/it on input line 17.
LaTeX Font Info:    ... okay on input line 17.
LaTeX Font Info:    Checking defaults for T1/cmr/m/n on input line 17.
LaTeX Font Info:    ... okay on input line 17.
LaTeX Font Info:    Checking defaults for OT1/cmr/m/n on input line 17.
LaTeX Font Info:    ... okay on input line 17.
LaTeX Font Info:    Checking defaults for OMS/cmsy/m/n on input line 17.
LaTeX Font Info:    ... okay on input line 17.
LaTeX Font Info:    Checking defaults for OMX/cmex/m/n on input line 17.
LaTeX Font Info:    ... okay on input line 17.
LaTeX Font Info:    Checking defaults for U/cmr/m/n on input line 17.
LaTeX Font Info:    ... okay on input line 17.
LaTeX Font Info:    Checking defaults for PD1/pdf/m/n on input line 17.
LaTeX Font Info:    ... okay on input line 17.
LaTeX Font Info:    Checking defaults for PU/pdf/m/n on input line 17.
LaTeX Font Info:    ... okay on input line 17.
LaTeX Font Info:    Checking defaults for T2A/cmr/m/n on input line 17.
LaTeX Font Info:    ... okay on input line 17.
\AtBeginShipoutBox=\box55
Package hyperref Info: Link coloring ON on input line 17.

(c:/texlive/2018/texmf-dist/tex/latex/hyperref/nameref.sty
Package: nameref 2016/05/21 v2.44 Cross-referencing by name of section

(c:/texlive/2018/texmf-dist/tex/generic/oberdiek/gettitlestring.sty
Package: gettitlestring 2016/05/16 v1.5 Cleanup title references (HO)
)
\c@section@level=\count150
)
LaTeX Info: Redefining \ref on input line 17.
LaTeX Info: Redefining \pageref on input line 17.
LaTeX Info: Redefining \nameref on input line 17.

(./5kurseng.out) (./5kurseng.out)
\@outlinefile=\write4
\openout4 = `5kurseng.out'.

Class scrartcl Info: loading recommended package `bookmark'.
(scrartcl)           Using `bookmark' together with `hyperref' is recommended,
(scrartcl)           because of handling of possible bookmark level gaps.
(scrartcl)           You can avoid loading `bookmark' with KOMA-Script option
(scrartcl)           `bookmarkpackage=false' before \begin{document} and
(scrartcl)           you can avoid this message with `\usepackage{bookmark}'
(scrartcl)           before \begin{document} on input line 17.

(c:/texlive/2018/texmf-dist/tex/latex/oberdiek/bookmark.sty
Package: bookmark 2016/05/17 v1.26 PDF bookmarks (HO)

(c:/texlive/2018/texmf-dist/tex/latex/oberdiek/bkm-pdftex.def
File: bkm-pdftex.def 2016/05/17 v1.26 bookmark driver for pdfTeX (HO)
Package auxhook Info: \AddLineBeginMainAux comes a little late,
(auxhook)             because the main .aux file is already opened on input lin
e 164.
\BKM@id=\count151
))
(c:/texlive/2018/texmf-dist/tex/context/base/mkii/supp-pdf.mkii
[Loading MPS to PDF converter (version 2006.09.02).]
\scratchcounter=\count152
\scratchdimen=\dimen189
\scratchbox=\box56
\nofMPsegments=\count153
\nofMParguments=\count154
\everyMPshowfont=\toks38
\MPscratchCnt=\count155
\MPscratchDim=\dimen190
\MPnumerator=\count156
\makeMPintoPDFobject=\count157
\everyMPtoPDFconversion=\toks39
) (c:/texlive/2018/texmf-dist/tex/latex/oberdiek/epstopdf-base.sty
Package: epstopdf-base 2016/05/15 v2.6 Base part for package epstopdf

(c:/texlive/2018/texmf-dist/tex/latex/oberdiek/grfext.sty
Package: grfext 2016/05/16 v1.2 Manage graphics extensions (HO)
)
Package epstopdf-base Info: Redefining graphics rule for `.eps' on input line 4
38.
Package grfext Info: Graphics extension search list:
(grfext)             [.pdf,.png,.jpg,.mps,.jpeg,.jbig2,.jb2,.PDF,.PNG,.JPG,.JPE
G,.JBIG2,.JB2,.eps]
(grfext)             \AppendGraphicsExtensions on input line 456.

(c:/texlive/2018/texmf-dist/tex/latex/latexconfig/epstopdf-sys.cfg
File: epstopdf-sys.cfg 2010/07/13 v1.3 Configuration of (r)epstopdf for TeX Liv
e
))
ABD: EveryShipout initializing macros
<36cacac6.png, id=7, 2510.37875pt x 2899.83376pt>
File: 36cacac6.png Graphic file (type png)
<use 36cacac6.png>
Package pdftex.def Info: 36cacac6.png  used on input line 24.
(pdftex.def)             Requested size: 125.47794pt x 144.91168pt.

Underfull \hbox (badness 10000) in paragraph at lines 29--30

 []

[1

{c:/texlive/2018/texmf-var/fonts/map/pdftex/updmap/pdftex.map} <./36cacac6.png>
]
LaTeX Font Info:    Try loading font information for T2A+cmss on input line 33.

 (c:/texlive/2018/texmf-dist/tex/latex/cyrillic/t2acmss.fd
File: t2acmss.fd 2001/08/11 v1.0a Computer Modern Cyrillic font definitions
) (./5kurseng.toc
LaTeX Font Info:    Try loading font information for U+msa on input line 3.

(c:/texlive/2018/texmf-dist/tex/latex/amsfonts/umsa.fd
File: umsa.fd 2013/01/14 v3.01 AMS symbols A
)
LaTeX Font Info:    Try loading font information for U+msb on input line 3.

(c:/texlive/2018/texmf-dist/tex/latex/amsfonts/umsb.fd
File: umsb.fd 2013/01/14 v3.01 AMS symbols B
)
Overfull \hbox (2.87102pt too wide) in paragraph at lines 4--4
 [][] [][][]\T2A/cmr/m/n/10.95 Mathematical formalization of the problem. Build
 minimaliseren functionality[][] [][]  
 []

)
\tf@toc=\write5
\openout5 = `5kurseng.toc'.

 [2]
<input.png, id=63, 328.22626pt x 246.1697pt>
File: input.png Graphic file (type png)
<use input.png>
Package pdftex.def Info: input.png  used on input line 41.
(pdftex.def)             Requested size: 209.12778pt x 156.84564pt.
<out.png, id=65, 335.75438pt x 252.945pt>
File: out.png Graphic file (type png)
<use out.png>
Package pdftex.def Info: out.png  used on input line 42.
(pdftex.def)             Requested size: 209.12778pt x 157.54988pt.

Overfull \hbox (24.0pt too wide) in paragraph at lines 39--46
 [] 
 []


Overfull \hbox (1.56468pt too wide) detected at line 70
[] \OT1/cmr/m/n/10.95 = []
 []


Overfull \hbox (43.77324pt too wide) in paragraph at lines 73--74
[]\T2A/cmr/m/n/10.95 Do the edges of a polyhedron "movable for this we introduc
e variables $[] \OT1/cmr/m/n/10.95 = ([]\OML/cmm/m/it/10.95 ; []; []\OT1/cmr/m/
n/10.95 )\OML/cmm/m/it/10.95 ; [] \OT1/cmr/m/n/10.95 =
 []

[3 <./input.png> <./out.png>]
<distancce.png, id=76, 449.42906pt x 268.00125pt>
File: distancce.png Graphic file (type png)
<use distancce.png>
Package pdftex.def Info: distancce.png  used on input line 78.
(pdftex.def)             Requested size: 292.7776pt x 174.5954pt.

Overfull \hbox (4.68788pt too wide) in paragraph at lines 92--93
[][] 
 []


Underfull \hbox (badness 10000) in paragraph at lines 81--93

 []


Overfull \hbox (18.9569pt too wide) detected at line 98
\OML/cmm/m/it/10.95 ^^Z[]\OT1/cmr/m/n/10.95 (\OML/cmm/m/it/10.95 P; L[]L[]\OT1/
cmr/m/n/10.95 ) = \OMS/cmsy/m/n/10.95 j[]j[] ^^@ j\OML/cmm/m/it/10.95 pr[][]\OM
S/cmsy/m/n/10.95 j[] \OT1/cmr/m/n/10.95 = []
 []

[4 <./distancce.png>]
Overfull \hbox (32.45886pt too wide) detected at line 105
\OML/cmm/m/it/10.95 F \OT1/cmr/m/n/10.95 = (\OML/cmm/m/it/10.95 x \OMS/cmsy/m/n
/10.95 ^^@ \OML/cmm/m/it/10.95 a[]\OT1/cmr/m/n/10.95 )[] + (\OML/cmm/m/it/10.95
 y \OMS/cmsy/m/n/10.95 ^^@ \OML/cmm/m/it/10.95 a[]\OT1/cmr/m/n/10.95 )[] + (\OM
L/cmm/m/it/10.95 z \OMS/cmsy/m/n/10.95 ^^@ \OML/cmm/m/it/10.95 a[]\OT1/cmr/m/n/
10.95 )[] \OMS/cmsy/m/n/10.95 ^^@ []
 []

[5]
<inoneplane.png, id=88, 629.35126pt x 249.93375pt>
File: inoneplane.png Graphic file (type png)
<use inoneplane.png>
Package pdftex.def Info: inoneplane.png  used on input line 179.
(pdftex.def)             Requested size: 292.7776pt x 116.27138pt.

Overfull \hbox (21.84613pt too wide) in paragraph at lines 176--182
 \T2A/cmr/m/n/10.95 However, this method of writing is quite cumbersome and, in
 addition, gives "cubic"conditions
 []


Overfull \hbox (16.24876pt too wide) in paragraph at lines 176--182
\T2A/cmr/m/n/10.95 imposed on the problem. On the other hand, you can enter new
 variables $\OML/cmm/m/it/10.95 A[]; B[]; C[]; D[]; \OMS/cmsy/m/n/10.95 8\OML/c
mm/m/it/10.95 k \OT1/cmr/m/n/10.95 =
 []

<innormalplane.png, id=89, 408.02437pt x 420.06938pt>
File: innormalplane.png Graphic file (type png)
<use innormalplane.png>
Package pdftex.def Info: innormalplane.png  used on input line 193.
(pdftex.def)             Requested size: 167.29967pt x 172.23596pt.

Overfull \hbox (62.73578pt too wide) in paragraph at lines 193--194
[][] 
 []

[6 <./inoneplane.png> <./innormalplane.png>]
<cub3.png, id=94, 545.03625pt x 361.35pt>
File: cub3.png Graphic file (type png)
<use cub3.png>
Package pdftex.def Info: cub3.png  used on input line 251.
(pdftex.def)             Requested size: 250.95587pt x 166.3774pt.

Overfull \hbox (83.6562pt too wide) in paragraph at lines 251--252
[][] 
 []

[7]
Underfull \hbox (badness 1092) in paragraph at lines 253--254
\T2A/cmr/m/n/10.95 we will cut off half-spaces. Let's describe the
 []

[8 <./cub3.png>]
LaTeX Font Info:    Try loading font information for T2A+cmtt on input line 262
.
 (c:/texlive/2018/texmf-dist/tex/latex/cyrillic/t2acmtt.fd
File: t2acmtt.fd 2001/08/11 v1.0a Computer Modern Cyrillic font definitions
)
[9]
Overfull \hbox (10.68454pt too wide) in paragraph at lines 317--318
[]\T2A/cmr/m/n/10.95 The main class to work with is MyNLP, which is inherited f
rom the standard Ipopt::TNLP
 []


Overfull \hbox (33.49733pt too wide) in paragraph at lines 347--347
 []\T2A/cmtt/m/n/10.95 bool MyNLP::eval_f(Index n, const Number* x, bool new_x,
 Number& obj_value)[] 
 []

[10]
Overfull \hbox (44.81407pt too wide) in paragraph at lines 352--352
 []\T2A/cmtt/m/n/10.95 bool MyNLP::eval_grad_f(Index n, const Number* x, bool n
ew_x, Number* grad_f)[] 
 []


Overfull \hbox (39.1557pt too wide) in paragraph at lines 357--357
 []\T2A/cmtt/m/n/10.95 bool MyNLP::eval_g(Index n, const Number* x, bool new_x,
 Index m, Number* g)[] 
 []


Package hyperref Warning: Token not allowed in a PDF string (Unicode):
(hyperref)                removing `math shift' on input line 395.


Package hyperref Warning: Token not allowed in a PDF string (Unicode):
(hyperref)                removing `\Delta' on input line 395.


Package hyperref Warning: Token not allowed in a PDF string (Unicode):
(hyperref)                removing `subscript' on input line 395.


Package hyperref Warning: Token not allowed in a PDF string (Unicode):
(hyperref)                removing `\Delta' on input line 395.


Package hyperref Warning: Token not allowed in a PDF string (Unicode):
(hyperref)                removing `subscript' on input line 395.


Package hyperref Warning: Token not allowed in a PDF string (Unicode):
(hyperref)                removing `\Delta' on input line 395.


Package hyperref Warning: Token not allowed in a PDF string (Unicode):
(hyperref)                removing `subscript' on input line 395.


Package hyperref Warning: Token not allowed in a PDF string (Unicode):
(hyperref)                removing `math shift' on input line 395.

<variant2/images/1/input.png, id=130, 564.60938pt x 564.60938pt>
File: variant2/images/1/input.png Graphic file (type png)
<use variant2/images/1/input.png>
Package pdftex.def Info: variant2/images/1/input.png  used on input line 401.
(pdftex.def)             Requested size: 209.12778pt x 209.12619pt.
<variant2/images/1/out.png, id=131, 564.60938pt x 564.60938pt>
File: variant2/images/1/out.png Graphic file (type png)
<use variant2/images/1/out.png>
Package pdftex.def Info: variant2/images/1/out.png  used on input line 402.
(pdftex.def)             Requested size: 209.12778pt x 209.12619pt.
<variant2/images/1/error.png, id=132, 481.8pt x 361.35pt>
File: variant2/images/1/error.png Graphic file (type png)
<use variant2/images/1/error.png>
Package pdftex.def Info: variant2/images/1/error.png  used on input line 404.
(pdftex.def)             Requested size: 334.60571pt x 250.95833pt.

Overfull \hbox (24.0pt too wide) in paragraph at lines 398--407
 [] 
 []

[11]
<variant2/images/2/input.png, id=143, 564.60938pt x 564.60938pt>
File: variant2/images/2/input.png Graphic file (type png)
<use variant2/images/2/input.png>
Package pdftex.def Info: variant2/images/2/input.png  used on input line 414.
(pdftex.def)             Requested size: 209.12778pt x 209.12619pt.
<variant2/images/2/out.png, id=144, 564.60938pt x 564.60938pt>
File: variant2/images/2/out.png Graphic file (type png)
<use variant2/images/2/out.png>
Package pdftex.def Info: variant2/images/2/out.png  used on input line 415.
(pdftex.def)             Requested size: 209.12778pt x 209.12619pt.
<variant2/images/2/error.png, id=145, 481.8pt x 361.35pt>
File: variant2/images/2/error.png Graphic file (type png)
<use variant2/images/2/error.png>
Package pdftex.def Info: variant2/images/2/error.png  used on input line 417.
(pdftex.def)             Requested size: 334.60571pt x 250.95833pt.

Overfull \hbox (24.0pt too wide) in paragraph at lines 411--420
 [] 
 []

[12 <./variant2/images/1/input.png> <./variant2/images/1/out.png> <./variant2/i
mages/1/error.png>]
<variant2/images/3/input.png, id=153, 564.60938pt x 564.60938pt>
File: variant2/images/3/input.png Graphic file (type png)
<use variant2/images/3/input.png>
Package pdftex.def Info: variant2/images/3/input.png  used on input line 426.
(pdftex.def)             Requested size: 209.12778pt x 209.12619pt.
<variant2/images/3/out.png, id=154, 564.60938pt x 564.60938pt>
File: variant2/images/3/out.png Graphic file (type png)
<use variant2/images/3/out.png>
Package pdftex.def Info: variant2/images/3/out.png  used on input line 427.
(pdftex.def)             Requested size: 209.12778pt x 209.12619pt.
<variant2/images/3/error.png, id=155, 481.8pt x 361.35pt>
File: variant2/images/3/error.png Graphic file (type png)
<use variant2/images/3/error.png>
Package pdftex.def Info: variant2/images/3/error.png  used on input line 429.
(pdftex.def)             Requested size: 334.60571pt x 250.95833pt.

Overfull \hbox (24.0pt too wide) in paragraph at lines 423--432
 [] 
 []

[13 <./variant2/images/2/input.png> <./variant2/images/2/out.png> <./variant2/i
mages/2/error.png>]
<variant2/images/4/input.png, id=164, 564.60938pt x 564.60938pt>
File: variant2/images/4/input.png Graphic file (type png)
<use variant2/images/4/input.png>
Package pdftex.def Info: variant2/images/4/input.png  used on input line 439.
(pdftex.def)             Requested size: 209.12778pt x 209.12619pt.
<variant2/images/4/out.png, id=165, 564.60938pt x 564.60938pt>
File: variant2/images/4/out.png Graphic file (type png)
<use variant2/images/4/out.png>
Package pdftex.def Info: variant2/images/4/out.png  used on input line 440.
(pdftex.def)             Requested size: 209.12778pt x 209.12619pt.
<variant2/images/4/error.png, id=166, 481.8pt x 361.35pt>
File: variant2/images/4/error.png Graphic file (type png)
<use variant2/images/4/error.png>
Package pdftex.def Info: variant2/images/4/error.png  used on input line 442.
(pdftex.def)             Requested size: 334.60571pt x 250.95833pt.

Overfull \hbox (24.0pt too wide) in paragraph at lines 436--445
 [] 
 []

[14 <./variant2/images/3/input.png> <./variant2/images/3/out.png> <./variant2/i
mages/3/error.png>]
<variant2/images/5/input.png, id=174, 564.60938pt x 564.60938pt>
File: variant2/images/5/input.png Graphic file (type png)
<use variant2/images/5/input.png>
Package pdftex.def Info: variant2/images/5/input.png  used on input line 451.
(pdftex.def)             Requested size: 209.12778pt x 209.12619pt.
<variant2/images/5/out.png, id=175, 564.60938pt x 564.60938pt>
File: variant2/images/5/out.png Graphic file (type png)
<use variant2/images/5/out.png>
Package pdftex.def Info: variant2/images/5/out.png  used on input line 452.
(pdftex.def)             Requested size: 209.12778pt x 209.12619pt.
<variant2/images/5/error.png, id=176, 481.8pt x 361.35pt>
File: variant2/images/5/error.png Graphic file (type png)
<use variant2/images/5/error.png>
Package pdftex.def Info: variant2/images/5/error.png  used on input line 454.
(pdftex.def)             Requested size: 334.60571pt x 250.95833pt.

Overfull \hbox (24.0pt too wide) in paragraph at lines 448--457
 [] 
 []

[15 <./variant2/images/4/input.png> <./variant2/images/4/out.png> <./variant2/i
mages/4/error.png>] [16 <./variant2/images/5/input.png> <./variant2/images/5/ou
t.png> <./variant2/images/5/error.png>]

Package hyperref Warning: Token not allowed in a PDF string (Unicode):
(hyperref)                removing `math shift' on input line 459.


Package hyperref Warning: Token not allowed in a PDF string (Unicode):
(hyperref)                removing `\Delta' on input line 459.


Package hyperref Warning: Token not allowed in a PDF string (Unicode):
(hyperref)                removing `subscript' on input line 459.


Package hyperref Warning: Token not allowed in a PDF string (Unicode):
(hyperref)                removing `\Delta' on input line 459.


Package hyperref Warning: Token not allowed in a PDF string (Unicode):
(hyperref)                removing `subscript' on input line 459.


Package hyperref Warning: Token not allowed in a PDF string (Unicode):
(hyperref)                removing `\Delta' on input line 459.


Package hyperref Warning: Token not allowed in a PDF string (Unicode):
(hyperref)                removing `subscript' on input line 459.


Package hyperref Warning: Token not allowed in a PDF string (Unicode):
(hyperref)                removing `math shift' on input line 459.

<variant2/images/21/input.png, id=192, 564.60938pt x 564.60938pt>
File: variant2/images/21/input.png Graphic file (type png)
<use variant2/images/21/input.png>
Package pdftex.def Info: variant2/images/21/input.png  used on input line 465.
(pdftex.def)             Requested size: 209.12778pt x 209.12619pt.
<variant2/images/21/out.png, id=193, 564.60938pt x 564.60938pt>
File: variant2/images/21/out.png Graphic file (type png)
<use variant2/images/21/out.png>
Package pdftex.def Info: variant2/images/21/out.png  used on input line 466.
(pdftex.def)             Requested size: 209.12778pt x 209.12619pt.
<variant2/images/21/error.png, id=194, 481.8pt x 361.35pt>
File: variant2/images/21/error.png Graphic file (type png)
<use variant2/images/21/error.png>
Package pdftex.def Info: variant2/images/21/error.png  used on input line 468.
(pdftex.def)             Requested size: 334.60571pt x 250.95833pt.

Overfull \hbox (24.0pt too wide) in paragraph at lines 462--471
 [] 
 []

<variant2/images/22/input.png, id=195, 564.60938pt x 564.60938pt>
File: variant2/images/22/input.png Graphic file (type png)
<use variant2/images/22/input.png>
Package pdftex.def Info: variant2/images/22/input.png  used on input line 478.
(pdftex.def)             Requested size: 209.12778pt x 209.12619pt.
<variant2/images/22/out.png, id=196, 564.60938pt x 564.60938pt>
File: variant2/images/22/out.png Graphic file (type png)
<use variant2/images/22/out.png>
Package pdftex.def Info: variant2/images/22/out.png  used on input line 479.
(pdftex.def)             Requested size: 209.12778pt x 209.12619pt.
<variant2/images/22/error.png, id=197, 481.8pt x 361.35pt>
File: variant2/images/22/error.png Graphic file (type png)
<use variant2/images/22/error.png>
Package pdftex.def Info: variant2/images/22/error.png  used on input line 481.
(pdftex.def)             Requested size: 334.60571pt x 250.95833pt.

Overfull \hbox (24.0pt too wide) in paragraph at lines 475--484
 [] 
 []

[17 <./variant2/images/21/input.png> <./variant2/images/21/out.png> <./variant2
/images/21/error.png>]
<variant2/images/23/input.png, id=205, 564.60938pt x 564.60938pt>
File: variant2/images/23/input.png Graphic file (type png)
<use variant2/images/23/input.png>
Package pdftex.def Info: variant2/images/23/input.png  used on input line 490.
(pdftex.def)             Requested size: 209.12778pt x 209.12619pt.
<variant2/images/23/out.png, id=206, 564.60938pt x 564.60938pt>
File: variant2/images/23/out.png Graphic file (type png)
<use variant2/images/23/out.png>
Package pdftex.def Info: variant2/images/23/out.png  used on input line 491.
(pdftex.def)             Requested size: 209.12778pt x 209.12619pt.
<variant2/images/23/error.png, id=207, 481.8pt x 361.35pt>
File: variant2/images/23/error.png Graphic file (type png)
<use variant2/images/23/error.png>
Package pdftex.def Info: variant2/images/23/error.png  used on input line 493.
(pdftex.def)             Requested size: 334.60571pt x 250.95833pt.

Overfull \hbox (24.0pt too wide) in paragraph at lines 487--496
 [] 
 []

[18 <./variant2/images/22/input.png> <./variant2/images/22/out.png> <./variant2
/images/22/error.png>]
<variant2/images/24/input.png, id=215, 564.60938pt x 564.60938pt>
File: variant2/images/24/input.png Graphic file (type png)
<use variant2/images/24/input.png>
Package pdftex.def Info: variant2/images/24/input.png  used on input line 503.
(pdftex.def)             Requested size: 209.12778pt x 209.12619pt.
<variant2/images/24/out.png, id=216, 564.60938pt x 564.60938pt>
File: variant2/images/24/out.png Graphic file (type png)
<use variant2/images/24/out.png>
Package pdftex.def Info: variant2/images/24/out.png  used on input line 504.
(pdftex.def)             Requested size: 209.12778pt x 209.12619pt.
<variant2/images/24/error.png, id=217, 481.8pt x 361.35pt>
File: variant2/images/24/error.png Graphic file (type png)
<use variant2/images/24/error.png>
Package pdftex.def Info: variant2/images/24/error.png  used on input line 506.
(pdftex.def)             Requested size: 334.60571pt x 250.95833pt.

Overfull \hbox (24.0pt too wide) in paragraph at lines 500--509
 [] 
 []

[19 <./variant2/images/23/input.png> <./variant2/images/23/out.png> <./variant2
/images/23/error.png>]
<variant2/images/25/input.png, id=226, 564.60938pt x 564.60938pt>
File: variant2/images/25/input.png Graphic file (type png)
<use variant2/images/25/input.png>
Package pdftex.def Info: variant2/images/25/input.png  used on input line 516.
(pdftex.def)             Requested size: 209.12778pt x 209.12619pt.
<variant2/images/25/out.png, id=227, 564.60938pt x 564.60938pt>
File: variant2/images/25/out.png Graphic file (type png)
<use variant2/images/25/out.png>
Package pdftex.def Info: variant2/images/25/out.png  used on input line 517.
(pdftex.def)             Requested size: 209.12778pt x 209.12619pt.
<variant2/images/25/error.png, id=228, 481.8pt x 361.35pt>
File: variant2/images/25/error.png Graphic file (type png)
<use variant2/images/25/error.png>
Package pdftex.def Info: variant2/images/25/error.png  used on input line 519.
(pdftex.def)             Requested size: 334.60571pt x 250.95833pt.

Overfull \hbox (24.0pt too wide) in paragraph at lines 513--522
 [] 
 []

[20 <./variant2/images/24/input.png> <./variant2/images/24/out.png> <./variant2
/images/24/error.png>] [21 <./variant2/images/25/input.png> <./variant2/images/
25/out.png> <./variant2/images/25/error.png>]

Package hyperref Warning: Token not allowed in a PDF string (Unicode):
(hyperref)                removing `math shift' on input line 524.


Package hyperref Warning: Token not allowed in a PDF string (Unicode):
(hyperref)                removing `\Delta' on input line 524.


Package hyperref Warning: Token not allowed in a PDF string (Unicode):
(hyperref)                removing `subscript' on input line 524.


Package hyperref Warning: Token not allowed in a PDF string (Unicode):
(hyperref)                removing `\Delta' on input line 524.


Package hyperref Warning: Token not allowed in a PDF string (Unicode):
(hyperref)                removing `subscript' on input line 524.


Package hyperref Warning: Token not allowed in a PDF string (Unicode):
(hyperref)                removing `\Delta' on input line 524.


Package hyperref Warning: Token not allowed in a PDF string (Unicode):
(hyperref)                removing `subscript' on input line 524.


Package hyperref Warning: Token not allowed in a PDF string (Unicode):
(hyperref)                removing `math shift' on input line 524.

<variant2/images/11/input.png, id=243, 564.60938pt x 564.60938pt>
File: variant2/images/11/input.png Graphic file (type png)
<use variant2/images/11/input.png>
Package pdftex.def Info: variant2/images/11/input.png  used on input line 530.
(pdftex.def)             Requested size: 209.12778pt x 209.12619pt.
<variant2/images/11/out.png, id=244, 564.60938pt x 564.60938pt>
File: variant2/images/11/out.png Graphic file (type png)
<use variant2/images/11/out.png>
Package pdftex.def Info: variant2/images/11/out.png  used on input line 531.
(pdftex.def)             Requested size: 209.12778pt x 209.12619pt.
<variant2/images/11/error.png, id=245, 481.8pt x 361.35pt>
File: variant2/images/11/error.png Graphic file (type png)
<use variant2/images/11/error.png>
Package pdftex.def Info: variant2/images/11/error.png  used on input line 533.
(pdftex.def)             Requested size: 334.60571pt x 250.95833pt.

Overfull \hbox (24.0pt too wide) in paragraph at lines 527--536
 [] 
 []

<variant2/images/12/input.png, id=246, 564.60938pt x 564.60938pt>
File: variant2/images/12/input.png Graphic file (type png)
<use variant2/images/12/input.png>
Package pdftex.def Info: variant2/images/12/input.png  used on input line 543.
(pdftex.def)             Requested size: 209.12778pt x 209.12619pt.
<variant2/images/12/out.png, id=247, 564.60938pt x 564.60938pt>
File: variant2/images/12/out.png Graphic file (type png)
<use variant2/images/12/out.png>
Package pdftex.def Info: variant2/images/12/out.png  used on input line 544.
(pdftex.def)             Requested size: 209.12778pt x 209.12619pt.
<variant2/images/12/error.png, id=248, 481.8pt x 361.35pt>
File: variant2/images/12/error.png Graphic file (type png)
<use variant2/images/12/error.png>
Package pdftex.def Info: variant2/images/12/error.png  used on input line 546.
(pdftex.def)             Requested size: 334.60571pt x 250.95833pt.

Overfull \hbox (24.0pt too wide) in paragraph at lines 540--549
 [] 
 []

[22 <./variant2/images/11/input.png> <./variant2/images/11/out.png> <./variant2
/images/11/error.png>]
<variant2/images/13/input.png, id=256, 564.60938pt x 564.60938pt>
File: variant2/images/13/input.png Graphic file (type png)
<use variant2/images/13/input.png>
Package pdftex.def Info: variant2/images/13/input.png  used on input line 555.
(pdftex.def)             Requested size: 209.12778pt x 209.12619pt.
<variant2/images/13/out.png, id=257, 564.60938pt x 564.60938pt>
File: variant2/images/13/out.png Graphic file (type png)
<use variant2/images/13/out.png>
Package pdftex.def Info: variant2/images/13/out.png  used on input line 556.
(pdftex.def)             Requested size: 209.12778pt x 209.12619pt.
<variant2/images/13/error.png, id=258, 481.8pt x 361.35pt>
File: variant2/images/13/error.png Graphic file (type png)
<use variant2/images/13/error.png>
Package pdftex.def Info: variant2/images/13/error.png  used on input line 558.
(pdftex.def)             Requested size: 334.60571pt x 250.95833pt.

Overfull \hbox (24.0pt too wide) in paragraph at lines 552--561
 [] 
 []

[23 <./variant2/images/12/input.png> <./variant2/images/12/out.png> <./variant2
/images/12/error.png>]
<variant2/images/14/input.png, id=266, 564.60938pt x 564.60938pt>
File: variant2/images/14/input.png Graphic file (type png)
<use variant2/images/14/input.png>
Package pdftex.def Info: variant2/images/14/input.png  used on input line 568.
(pdftex.def)             Requested size: 209.12778pt x 209.12619pt.
<variant2/images/14/out.png, id=267, 564.60938pt x 564.60938pt>
File: variant2/images/14/out.png Graphic file (type png)
<use variant2/images/14/out.png>
Package pdftex.def Info: variant2/images/14/out.png  used on input line 569.
(pdftex.def)             Requested size: 209.12778pt x 209.12619pt.
<variant2/images/14/error.png, id=268, 481.8pt x 361.35pt>
File: variant2/images/14/error.png Graphic file (type png)
<use variant2/images/14/error.png>
Package pdftex.def Info: variant2/images/14/error.png  used on input line 571.
(pdftex.def)             Requested size: 334.60571pt x 250.95833pt.

Overfull \hbox (24.0pt too wide) in paragraph at lines 565--574
 [] 
 []

[24 <./variant2/images/13/input.png> <./variant2/images/13/out.png> <./variant2
/images/13/error.png>]
<variant2/images/15/input.png, id=276, 564.60938pt x 564.60938pt>
File: variant2/images/15/input.png Graphic file (type png)
<use variant2/images/15/input.png>
Package pdftex.def Info: variant2/images/15/input.png  used on input line 581.
(pdftex.def)             Requested size: 209.12778pt x 209.12619pt.
<variant2/images/15/out.png, id=277, 564.60938pt x 564.60938pt>
File: variant2/images/15/out.png Graphic file (type png)
<use variant2/images/15/out.png>
Package pdftex.def Info: variant2/images/15/out.png  used on input line 582.
(pdftex.def)             Requested size: 209.12778pt x 209.12619pt.
<variant2/images/15/error.png, id=278, 481.8pt x 361.35pt>
File: variant2/images/15/error.png Graphic file (type png)
<use variant2/images/15/error.png>
Package pdftex.def Info: variant2/images/15/error.png  used on input line 584.
(pdftex.def)             Requested size: 334.60571pt x 250.95833pt.

Overfull \hbox (24.0pt too wide) in paragraph at lines 578--587
 [] 
 []

[25 <./variant2/images/14/input.png> <./variant2/images/14/out.png> <./variant2
/images/14/error.png>] [26 <./variant2/images/15/input.png> <./variant2/images/
15/out.png> <./variant2/images/15/error.png>]
<bigout1.png, id=294, 564.60938pt x 564.60938pt>
File: bigout1.png Graphic file (type png)
<use bigout1.png>
Package pdftex.def Info: bigout1.png  used on input line 594.
(pdftex.def)             Requested size: 209.12778pt x 209.12619pt.
<bigerror1.png, id=295, 564.60938pt x 564.60938pt>
File: bigerror1.png Graphic file (type png)
<use bigerror1.png>
Package pdftex.def Info: bigerror1.png  used on input line 595.
(pdftex.def)             Requested size: 209.12778pt x 209.12619pt.

Overfull \hbox (24.0pt too wide) in paragraph at lines 591--598
 [] 
 []


Underfull \hbox (badness 10000) in paragraph at lines 599--608

 []

[27 <./bigout1.png> <./bigerror1.png>]
<bigout2.png, id=302, 564.60938pt x 564.60938pt>
File: bigout2.png Graphic file (type png)
<use bigout2.png>
Package pdftex.def Info: bigout2.png  used on input line 614.
(pdftex.def)             Requested size: 209.12778pt x 209.12619pt.
<bigerror2.png, id=303, 564.60938pt x 564.60938pt>
File: bigerror2.png Graphic file (type png)
<use bigerror2.png>
Package pdftex.def Info: bigerror2.png  used on input line 615.
(pdftex.def)             Requested size: 209.12778pt x 209.12619pt.

Overfull \hbox (24.0pt too wide) in paragraph at lines 611--618
 [] 
 []


Underfull \hbox (badness 10000) in paragraph at lines 619--628

 []

[28 <./bigout2.png> <./bigerror2.png>] [29]
Package atveryend Info: Empty hook `BeforeClearDocument' on input line 642.
Package atveryend Info: Empty hook `AfterLastShipout' on input line 642.
 (./5kurseng.aux)
Package atveryend Info: Executing hook `AtVeryEndDocument' on input line 642.
Package atveryend Info: Executing hook `AtEndAfterFileList' on input line 642.
Package rerunfilecheck Info: File `5kurseng.out' has not changed.
(rerunfilecheck)             Checksum: D41D8CD98F00B204E9800998ECF8427E;0.
Package atveryend Info: Empty hook `AtVeryVeryEnd' on input line 642.
 ) 
Here is how much of TeX's memory you used:
 24473 strings out of 492616
 433125 string characters out of 6132769
 615075 words of memory out of 5000000
 27907 multiletter control sequences out of 15000+600000
 17729 words of font info for 44 fonts, out of 8000000 for 9000
 1141 hyphenation exceptions out of 8191
 64i,22n,60p,9105b,656s stack positions out of 5000i,500n,10000p,200000b,80000s
{c:/texlive/2018/texmf-dist/fonts/enc/dvips/cm-super/cm-super-t2a.enc}<c:/tex
live/2018/texmf-dist/fonts/type1/public/amsfonts/cm/cmex10.pfb><c:/texlive/2018
/texmf-dist/fonts/type1/public/amsfonts/cm/cmmi10.pfb><c:/texlive/2018/texmf-di
st/fonts/type1/public/amsfonts/cm/cmmi6.pfb><c:/texlive/2018/texmf-dist/fonts/t
ype1/public/amsfonts/cm/cmmi8.pfb><c:/texlive/2018/texmf-dist/fonts/type1/publi
c/amsfonts/cm/cmr10.pfb><c:/texlive/2018/texmf-dist/fonts/type1/public/amsfonts
/cm/cmr6.pfb><c:/texlive/2018/texmf-dist/fonts/type1/public/amsfonts/cm/cmr8.pf
b><c:/texlive/2018/texmf-dist/fonts/type1/public/amsfonts/cm/cmsy10.pfb><c:/tex
live/2018/texmf-dist/fonts/type1/public/amsfonts/cm/cmsy8.pfb><c:/texlive/2018/
texmf-dist/fonts/type1/public/amsfonts/symbols/msbm10.pfb><c:/texlive/2018/texm
f-dist/fonts/type1/public/cm-super/sfbi1200.pfb><c:/texlive/2018/texmf-dist/fon
ts/type1/public/cm-super/sfbx1095.pfb><c:/texlive/2018/texmf-dist/fonts/type1/p
ublic/cm-super/sfrm1095.pfb><c:/texlive/2018/texmf-dist/fonts/type1/public/cm-s
uper/sfsx1095.pfb><c:/texlive/2018/texmf-dist/fonts/type1/public/cm-super/sfsx1
200.pfb><c:/texlive/2018/texmf-dist/fonts/type1/public/cm-super/sfsx1440.pfb><c
:/texlive/2018/texmf-dist/fonts/type1/public/cm-super/sfti1095.pfb><c:/texlive/
2018/texmf-dist/fonts/type1/public/cm-super/sftt1095.pfb>
Output written on 5kurseng.pdf (29 pages, 714032 bytes).
PDF statistics:
 452 PDF objects out of 1000 (max. 8388607)
 290 compressed objects within 3 object streams
 74 named destinations out of 1000 (max. 500000)
 437 words of extra memory for PDF output out of 10000 (max. 10000000)

